%!Adobe-FontList 1.16
%Locale:0x409

%BeginFont
Handler:DirectoryHandler
FontType:TrueType
FontName:ArialMT
FamilyName:Arial
StyleName:Regular
FullName:Arial
MenuName:Arial
StyleBits:0
WritingScript:Roman
OutlineFileName:C:\etc\abandon_cart\design\ABCARTDoc Folder\Document fonts\arial.ttf
DataFormat:sfntData
FileLength:772640
FileModTime:1444328854
WeightClass:400
WidthClass:5
AngleClass:0
NameArray:0,Mac,4,Arial
NameArray:0,Win,1,Arial
%EndFont

%BeginFont
Handler:DirectoryHandler
FontType:TrueType
FontName:Arial-BoldMT
FamilyName:Arial
StyleName:Bold
FullName:Arial Bold
MenuName:Arial
StyleBits:2
WritingScript:Roman
OutlineFileName:C:\etc\abandon_cart\design\ABCARTDoc Folder\Document fonts\arialbd.ttf
DataFormat:sfntData
FileLength:749000
FileModTime:1444328854
WeightClass:700
WidthClass:5
AngleClass:0
NameArray:0,Mac,4,Arial Bold
NameArray:0,Win,1,Arial
%EndFont

%BeginFont
Handler:DirectoryHandler
FontType:TrueType
FontName:Arial-BoldItalicMT
FamilyName:Arial
StyleName:Bold Italic
FullName:Arial Bold Italic
MenuName:Arial
StyleBits:3
WritingScript:Roman
OutlineFileName:C:\etc\abandon_cart\design\ABCARTDoc Folder\Document fonts\arialbi.ttf
DataFormat:sfntData
FileLength:562556
FileModTime:1444328854
WeightClass:700
WidthClass:5
AngleClass:1
NameArray:0,Mac,4,Arial Bold Italic
NameArray:0,Win,1,Arial
%EndFont

%BeginFont
Handler:DirectoryHandler
FontType:TrueType
FontName:Impact
FamilyName:Impact
StyleName:Regular
FullName:Impact
MenuName:Impact
StyleBits:0
WritingScript:Roman
OutlineFileName:C:\etc\abandon_cart\design\ABCARTDoc Folder\Document fonts\impact.ttf
DataFormat:sfntData
FileLength:135848
FileModTime:1290313613
WeightClass:400
WidthClass:3
AngleClass:0
NameArray:0,Mac,4,Impact
NameArray:0,Win,1,Impact
%EndFont

%BeginFont
Handler:DirectoryHandler
FontType:Type1
FontName:MinionPro-Regular
FamilyName:Minion Pro
StyleName:Regular
FullName:Minion Pro
MenuName:Minion Pro
StyleBits:0
WritingScript:Roman
OutlineFileName:C:\etc\abandon_cart\design\ABCARTDoc Folder\Document fonts\MinionPro-Regular.otf
DataFormat:sfntData
UsesStandardEncoding:yes
isCFF:yes
FileLength:218640
FileModTime:1432865136
WeightClass:400
WidthClass:5
AngleClass:0
DesignSize:110
NameArray:0,Mac,4,Minion Pro
NameArray:0,Win,1,Minion Pro
%EndFont

